{"level":"info","message":"Routing driver 0 created for server address localhost:7687"}
{"level":"info","message":"Driver 0 closing"}
{"level":"info","message":"Routing table is stale for database: \"\" and access mode: \"WRITE\": RoutingTable[database=default database, expirationTime=0, currentTime=1608625278224, routers=[], readers=[], writers=[]]"}
{"level":"info","message":"Routing table is stale for database: \"\" and access mode: \"WRITE\": RoutingTable[database=default database, expirationTime=0, currentTime=1608625279174, routers=[], readers=[], writers=[]]"}
{"level":"info","message":"Updated routing table RoutingTable[database=default database, expirationTime=1608625580462, currentTime=1608625280464, routers=[localhost:7687], readers=[localhost:7687], writers=[localhost:7687]]"}
{"level":"info","message":"Updated routing table RoutingTable[database=default database, expirationTime=1608625580465, currentTime=1608625280466, routers=[localhost:7687], readers=[localhost:7687], writers=[localhost:7687]]"}
{"level":"info","message":"Routing driver 0 created for server address localhost:7687"}
{"level":"info","message":"Driver 0 closing"}
{"level":"info","message":"Routing table is stale for database: \"\" and access mode: \"WRITE\": RoutingTable[database=default database, expirationTime=0, currentTime=1608625328764, routers=[], readers=[], writers=[]]"}
{"level":"info","message":"Updated routing table RoutingTable[database=default database, expirationTime=1608625628800, currentTime=1608625328801, routers=[localhost:7687], readers=[localhost:7687], writers=[localhost:7687]]"}
{"level":"info","message":"Routing table is stale for database: \"\" and access mode: \"WRITE\": RoutingTable[database=default database, expirationTime=1608625628800, currentTime=1608625720382, routers=[localhost:7687], readers=[localhost:7687], writers=[localhost:7687]]"}
{"level":"info","message":"Updated routing table RoutingTable[database=default database, expirationTime=1608626020393, currentTime=1608625720394, routers=[localhost:7687], readers=[localhost:7687], writers=[localhost:7687]]"}
{"level":"info","message":"Routing driver 0 created for server address localhost:7687"}
{"level":"info","message":"Driver 0 closing"}
{"level":"info","message":"Routing table is stale for database: \"\" and access mode: \"WRITE\": RoutingTable[database=default database, expirationTime=0, currentTime=1608625956921, routers=[], readers=[], writers=[]]"}
{"level":"info","message":"Updated routing table RoutingTable[database=default database, expirationTime=1608626256954, currentTime=1608625956955, routers=[localhost:7687], readers=[localhost:7687], writers=[localhost:7687]]"}
{"level":"info","message":"Routing driver 0 created for server address localhost:7687"}
{"level":"info","message":"Driver 0 closing"}
{"level":"info","message":"Routing driver 0 created for server address localhost:7687"}
{"level":"info","message":"Driver 0 closing"}
{"level":"info","message":"Routing driver 0 created for server address localhost:7687"}
{"level":"info","message":"Driver 0 closing"}
{"level":"info","message":"Routing driver 0 created for server address localhost:7687"}
{"level":"info","message":"Driver 0 closing"}
{"level":"info","message":"Routing driver 0 created for server address localhost:7687"}
{"level":"info","message":"Driver 0 closing"}
{"level":"info","message":"Routing driver 0 created for server address localhost:7687"}
{"level":"info","message":"Driver 0 closing"}
{"level":"info","message":"Routing driver 0 created for server address localhost:7687"}
{"level":"info","message":"Driver 0 closing"}
{"level":"info","message":"Routing driver 0 created for server address localhost:7687"}
{"level":"info","message":"Driver 0 closing"}
{"level":"info","message":"Routing driver 0 created for server address localhost:7687"}
{"level":"info","message":"Driver 0 closing"}
{"level":"info","message":"Routing driver 0 created for server address localhost:7687"}
{"level":"info","message":"Driver 0 closing"}
{"level":"info","message":"Routing driver 0 created for server address localhost:7687"}
{"level":"info","message":"Driver 0 closing"}
{"level":"info","message":"Routing driver 0 created for server address localhost:7687"}
{"level":"info","message":"Driver 0 closing"}
{"level":"info","message":"Routing driver 0 created for server address localhost:7687"}
{"level":"info","message":"Driver 0 closing"}
{"level":"info","message":"Routing table is stale for database: \"\" and access mode: \"WRITE\": RoutingTable[database=default database, expirationTime=0, currentTime=1608627031472, routers=[], readers=[], writers=[]]"}
{"level":"info","message":"Updated routing table RoutingTable[database=default database, expirationTime=1608627331500, currentTime=1608627031501, routers=[localhost:7687], readers=[localhost:7687], writers=[localhost:7687]]"}
{"level":"info","message":"Routing driver 0 created for server address localhost:7687"}
{"level":"info","message":"Driver 0 closing"}
{"level":"info","message":"Routing table is stale for database: \"\" and access mode: \"WRITE\": RoutingTable[database=default database, expirationTime=0, currentTime=1608627094336, routers=[], readers=[], writers=[]]"}
{"level":"info","message":"Updated routing table RoutingTable[database=default database, expirationTime=1608627394362, currentTime=1608627094364, routers=[localhost:7687], readers=[localhost:7687], writers=[localhost:7687]]"}
